2025-12-29 11:32:47,780 - INFO - main - === ETL PIPELINE EXECUTION STARTED ===
2025-12-29 11:32:47,781 - INFO - main - >>> PHASE 1: EXTRACTION STARTED
2025-12-29 11:32:47,781 - INFO - main - Extraction Phase Completed (Files verified)
2025-12-29 11:32:47,781 - INFO - main - >>> PHASE 2: TRANSFORMATION STARTED
2025-12-29 11:32:47,820 - INFO - main - Transformation finished in 0.04 seconds
2025-12-29 11:32:47,821 - INFO - main - >>> PHASE 3: VALIDATION STARTED
2025-12-29 11:32:47,826 - INFO - main - All Data Validation Checks Passed.
2025-12-29 11:32:47,826 - INFO - main - >>> PHASE 4: LOADING STARTED
2025-12-29 11:32:48,048 - INFO - __init__ - package: mysql.connector.plugins
2025-12-29 11:32:48,048 - INFO - __init__ - plugin_name: caching_sha2_password
2025-12-29 11:32:48,048 - INFO - __init__ - AUTHENTICATION_PLUGIN_CLASS: MySQLCachingSHA2PasswordAuthPlugin
2025-12-29 11:32:48,049 - INFO - __init__ - package: mysql.connector.plugins
2025-12-29 11:32:48,049 - INFO - __init__ - plugin_name: mysql_native_password
2025-12-29 11:32:48,051 - INFO - __init__ - AUTHENTICATION_PLUGIN_CLASS: MySQLNativePasswordAuthPlugin
2025-12-29 11:32:48,103 - INFO - main - Loaded dim_departments into MySQL
2025-12-29 11:32:48,155 - INFO - main - Loaded dim_employees into MySQL
2025-12-29 11:32:48,195 - INFO - main - Loaded fact_performance_reviews into MySQL
2025-12-29 11:32:48,241 - INFO - main - Loaded fact_project_assignments into MySQL
2025-12-29 11:32:48,269 - INFO - main - Loaded summary_dept_metrics into MySQL
2025-12-29 11:32:48,306 - INFO - main - Loaded summary_emp_performance into MySQL
2025-12-29 11:32:48,307 - INFO - main - Creating Indexes...
2025-12-29 11:32:48,309 - INFO - main - Loading finished in 0.48 seconds
2025-12-29 11:32:48,310 - INFO - main - === ETL PIPELINE COMPLETED SUCCESSFULLY ===
2025-12-29 11:32:48,310 - INFO - main - Total Execution Time: 0.53 seconds
