2025-12-29 11:11:38,407 - INFO - main - === ETL PIPELINE EXECUTION STARTED ===
2025-12-29 11:11:38,408 - INFO - main - >>> PHASE 1: EXTRACTION STARTED
2025-12-29 11:11:38,408 - INFO - main - Extraction Phase Completed (Files verified)
2025-12-29 11:11:38,409 - INFO - main - >>> PHASE 2: TRANSFORMATION STARTED
2025-12-29 11:11:38,461 - INFO - main - Transformation finished in 0.05 seconds
2025-12-29 11:11:38,461 - INFO - main - >>> PHASE 3: VALIDATION STARTED
2025-12-29 11:11:38,467 - INFO - main - All Data Validation Checks Passed.
2025-12-29 11:11:38,467 - INFO - main - >>> PHASE 4: LOADING STARTED
2025-12-29 11:11:38,671 - INFO - __init__ - package: mysql.connector.plugins
2025-12-29 11:11:38,672 - INFO - __init__ - plugin_name: caching_sha2_password
2025-12-29 11:11:38,672 - INFO - __init__ - AUTHENTICATION_PLUGIN_CLASS: MySQLCachingSHA2PasswordAuthPlugin
2025-12-29 11:11:38,673 - INFO - __init__ - package: mysql.connector.plugins
2025-12-29 11:11:38,673 - INFO - __init__ - plugin_name: mysql_native_password
2025-12-29 11:11:38,675 - INFO - __init__ - AUTHENTICATION_PLUGIN_CLASS: MySQLNativePasswordAuthPlugin
2025-12-29 11:11:38,755 - INFO - main - Loaded dim_departments into MySQL
2025-12-29 11:11:38,797 - INFO - main - Loaded dim_employees into MySQL
2025-12-29 11:11:38,840 - INFO - main - Loaded fact_performance_reviews into MySQL
2025-12-29 11:11:38,888 - INFO - main - Loaded fact_project_assignments into MySQL
2025-12-29 11:11:38,919 - INFO - main - Loaded summary_dept_metrics into MySQL
2025-12-29 11:11:38,952 - INFO - main - Loaded summary_emp_performance into MySQL
2025-12-29 11:11:38,952 - INFO - main - Creating Indexes...
2025-12-29 11:11:38,956 - INFO - main - Loading finished in 0.49 seconds
2025-12-29 11:11:38,957 - INFO - main - === ETL PIPELINE COMPLETED SUCCESSFULLY ===
2025-12-29 11:11:38,958 - INFO - main - Total Execution Time: 0.55 seconds
