2025-12-29 11:06:38,268 - INFO - main - === ETL PIPELINE EXECUTION STARTED ===
2025-12-29 11:06:38,268 - INFO - main - >>> PHASE 1: EXTRACTION STARTED
2025-12-29 11:06:38,269 - INFO - main - Extraction Phase Completed (Files verified)
2025-12-29 11:06:38,269 - INFO - main - >>> PHASE 2: TRANSFORMATION STARTED
2025-12-29 11:06:38,304 - INFO - main - Transformation finished in 0.03 seconds
2025-12-29 11:06:38,305 - INFO - main - >>> PHASE 3: VALIDATION STARTED
2025-12-29 11:06:38,310 - INFO - main - All Data Validation Checks Passed.
2025-12-29 11:06:38,310 - INFO - main - >>> PHASE 4: LOADING STARTED
2025-12-29 11:06:38,522 - INFO - __init__ - package: mysql.connector.plugins
2025-12-29 11:06:38,523 - INFO - __init__ - plugin_name: caching_sha2_password
2025-12-29 11:06:38,523 - INFO - __init__ - AUTHENTICATION_PLUGIN_CLASS: MySQLCachingSHA2PasswordAuthPlugin
2025-12-29 11:06:38,524 - INFO - __init__ - package: mysql.connector.plugins
2025-12-29 11:06:38,524 - INFO - __init__ - plugin_name: mysql_native_password
2025-12-29 11:06:38,525 - INFO - __init__ - AUTHENTICATION_PLUGIN_CLASS: MySQLNativePasswordAuthPlugin
2025-12-29 11:06:38,581 - INFO - main - Loaded dim_departments into MySQL
2025-12-29 11:06:38,631 - INFO - main - Loaded dim_employees into MySQL
2025-12-29 11:06:38,682 - INFO - main - Loaded fact_performance_reviews into MySQL
2025-12-29 11:06:38,730 - INFO - main - Loaded fact_project_assignments into MySQL
2025-12-29 11:06:38,757 - INFO - main - Loaded summary_dept_metrics into MySQL
2025-12-29 11:06:38,787 - INFO - main - Loaded summary_emp_performance into MySQL
2025-12-29 11:06:38,788 - INFO - main - Creating Indexes...
2025-12-29 11:06:38,791 - INFO - main - Loading finished in 0.48 seconds
2025-12-29 11:06:38,792 - INFO - main - === ETL PIPELINE COMPLETED SUCCESSFULLY ===
2025-12-29 11:06:38,792 - INFO - main - Total Execution Time: 0.52 seconds
