2025-12-29 10:56:21,279 - INFO - main - === ETL PIPELINE EXECUTION STARTED ===
2025-12-29 10:56:21,280 - INFO - main - >>> PHASE 1: EXTRACTION STARTED
2025-12-29 10:56:21,281 - INFO - main - Extraction Phase Completed (Files verified)
2025-12-29 10:56:21,281 - INFO - main - >>> PHASE 2: TRANSFORMATION STARTED
2025-12-29 10:56:21,320 - INFO - main - Transformation finished in 0.04 seconds
2025-12-29 10:56:21,320 - INFO - main - >>> PHASE 3: VALIDATION STARTED
2025-12-29 10:56:21,328 - INFO - main - All Data Validation Checks Passed.
2025-12-29 10:56:21,329 - INFO - main - >>> PHASE 4: LOADING STARTED
2025-12-29 10:56:21,568 - INFO - __init__ - package: mysql.connector.plugins
2025-12-29 10:56:21,568 - INFO - __init__ - plugin_name: caching_sha2_password
2025-12-29 10:56:21,569 - INFO - __init__ - AUTHENTICATION_PLUGIN_CLASS: MySQLCachingSHA2PasswordAuthPlugin
2025-12-29 10:56:21,569 - INFO - __init__ - package: mysql.connector.plugins
2025-12-29 10:56:21,570 - INFO - __init__ - plugin_name: mysql_native_password
2025-12-29 10:56:21,571 - INFO - __init__ - AUTHENTICATION_PLUGIN_CLASS: MySQLNativePasswordAuthPlugin
2025-12-29 10:56:21,634 - INFO - main - Loaded dim_departments into MySQL
2025-12-29 10:56:21,685 - INFO - main - Loaded dim_employees into MySQL
2025-12-29 10:56:21,734 - INFO - main - Loaded fact_performance_reviews into MySQL
2025-12-29 10:56:21,786 - INFO - main - Loaded fact_project_assignments into MySQL
2025-12-29 10:56:21,818 - INFO - main - Loaded summary_dept_metrics into MySQL
2025-12-29 10:56:21,850 - INFO - main - Loaded summary_emp_performance into MySQL
2025-12-29 10:56:21,850 - INFO - main - Creating Indexes...
2025-12-29 10:56:21,856 - INFO - main - Loading finished in 0.53 seconds
2025-12-29 10:56:21,858 - INFO - main - === ETL PIPELINE COMPLETED SUCCESSFULLY ===
2025-12-29 10:56:21,858 - INFO - main - Total Execution Time: 0.58 seconds
